<?xml version="1.0" encoding="UTF-8"?>
<!-- Generated by org.testng.reporters.JUnitReportReporter -->
<testsuite hostname="DESKTOP-VG2BT5E" failures="0" tests="2" name="First.LoginPage" time="2.267" errors="0" timestamp="2024-01-05T19:03:16 PKT" skipped="0">
  <testcase classname="First.LoginPage" name="Login_With_ValidData" time="2.186"/>
  <system-out/>
  <testcase classname="First.LoginPage" name="Verify_Page_Header_Text" time="0.081"/>
  <system-out/>
</testsuite> <!-- First.LoginPage -->
